RobotSensorSample/build/intermediates/manifest_merge_blame_file/release/manifest-merger-blame-release-report.txt
1<?xml version="1.0" encoding="utf-8"?>
2<manifest xmlns:android="http://schemas.android.com/apk/res/android"
3    package="com.asus.robotsensorsample"
4    android:versionCode="1"
5    android:versionName="1.0" >
6
7    <uses-sdk
8        android:minSdkVersion="23"
8-->src\main\AndroidManifest.xml
9        android:targetSdkVersion="26" />
9-->src\main\AndroidManifest.xml
10
11    <application
11-->src\main\AndroidManifest.xml:5:5-21:19
12        android:allowBackup="true"
12-->src\main\AndroidManifest.xml:6:9-35
13        android:icon="@mipmap/ic_launcher"
13-->src\main\AndroidManifest.xml:7:9-43
14        android:label="@string/app_name"
14-->src\main\AndroidManifest.xml:8:9-41
15        android:supportsRtl="true"
15-->src\main\AndroidManifest.xml:9:9-35
16        android:theme="@style/RobotDevToolTheme" >
16-->src\main\AndroidManifest.xml:10:9-49
17        <activity android:name="com.asus.robotsensorsample.MainActivity" >
17-->src\main\AndroidManifest.xml:12:9-20:20
17-->src\main\AndroidManifest.xml:12:19-47
18            <intent-filter>
18-->src\main\AndroidManifest.xml:13:13-19:29
19                <action android:name="android.intent.action.MAIN" />
19-->src\main\AndroidManifest.xml:14:17-69
19-->src\main\AndroidManifest.xml:14:25-66
20
21                <category android:name="android.intent.category.LAUNCHER" />
21-->src\main\AndroidManifest.xml:15:17-77
21-->src\main\AndroidManifest.xml:15:27-74
22                <category android:name="com.asus.intent.category.ZENBO" />
22-->src\main\AndroidManifest.xml:17:17-75
22-->src\main\AndroidManifest.xml:17:27-72
23                <category android:name="com.asus.intent.category.ZENBO_LAUNCHER" />
23-->src\main\AndroidManifest.xml:18:17-84
23-->src\main\AndroidManifest.xml:18:27-81
24            </intent-filter>
25        </activity>
26
27        <meta-data
27-->[com.android.support:appcompat-v7:26.1.0] AndroidManifest.xml:26:9-28:38
28            android:name="android.support.VERSION"
28-->[com.android.support:appcompat-v7:26.1.0] AndroidManifest.xml:27:13-51
29            android:value="26.1.0" />
29-->[com.android.support:appcompat-v7:26.1.0] AndroidManifest.xml:28:13-35
30        <meta-data
30-->[android.arch.lifecycle:runtime:1.0.0] AndroidManifest.xml:25:9-27:47
31            android:name="android.arch.lifecycle.VERSION"
31-->[android.arch.lifecycle:runtime:1.0.0] AndroidManifest.xml:26:13-58
32            android:value="27.0.0-SNAPSHOT" />
32-->[android.arch.lifecycle:runtime:1.0.0] AndroidManifest.xml:27:13-44
33    </application>
34
35</manifest>